c:\users\murph\documents\visual studio 2010\projects\chapter 7-2\chapter 7-2\debug\assignment2.obj
c:\users\murph\documents\visual studio 2010\projects\chapter 7-2\chapter 7-2\debug\vc100.pdb
e:\chapter 7-2\chapter 7-2\debug\assignment2.obj
e:\chapter 7-2\chapter 7-2\debug\vc100.pdb
c:\users\murph\documents\visual studio 2010\projects\chapter 7-2\debug\chapter 7-2.ilk
c:\users\murph\documents\visual studio 2010\projects\chapter 7-2\debug\chapter 7-2.exe
c:\users\murph\documents\visual studio 2010\projects\chapter 7-2\chapter 7-2\debug\chapter 7-2.exe.intermediate.manifest
c:\users\murph\documents\visual studio 2010\projects\chapter 7-2\debug\chapter 7-2.pdb
e:\chapter 7-2\debug\chapter 7-2.ilk
e:\chapter 7-2\debug\chapter 7-2.exe
e:\chapter 7-2\chapter 7-2\debug\chapter 7-2.exe.intermediate.manifest
e:\chapter 7-2\debug\chapter 7-2.pdb
c:\users\murph\documents\visual studio 2010\projects\chapter 7-2\chapter 7-2\debug\chapter 7-2.exe.embed.manifest
c:\users\murph\documents\visual studio 2010\projects\chapter 7-2\chapter 7-2\debug\chapter 7-2.exe.embed.manifest.res
e:\chapter 7-2\chapter 7-2\debug\chapter 7-2.exe.embed.manifest.res
c:\users\murph_000\onedrive\school\c programming\chapter 7-2\chapter 7-2\debug\vc140.pdb
c:\users\murph_000\onedrive\school\c programming\chapter 7-2\chapter 7-2\debug\vc140.idb
c:\users\murph_000\onedrive\school\c programming\chapter 7-2\chapter 7-2\debug\assignment2.obj
c:\users\murph_000\onedrive\school\c programming\chapter 7-2\chapter 7-2\debug\cl.command.1.tlog
c:\users\murph_000\onedrive\school\c programming\chapter 7-2\chapter 7-2\debug\cl.read.1.tlog
c:\users\murph_000\onedrive\school\c programming\chapter 7-2\chapter 7-2\debug\cl.write.1.tlog
c:\users\murph_000\onedrive\school\c programming\chapter 7-2\chapter 7-2\debug\link-cvtres.read.1.tlog
c:\users\murph_000\onedrive\school\c programming\chapter 7-2\chapter 7-2\debug\link-cvtres.write.1.tlog
c:\users\murph_000\onedrive\school\c programming\chapter 7-2\chapter 7-2\debug\link.2916-cvtres.read.1.tlog
c:\users\murph_000\onedrive\school\c programming\chapter 7-2\chapter 7-2\debug\link.2916-cvtres.write.1.tlog
c:\users\murph_000\onedrive\school\c programming\chapter 7-2\chapter 7-2\debug\link.2916.read.1.tlog
c:\users\murph_000\onedrive\school\c programming\chapter 7-2\chapter 7-2\debug\link.2916.write.1.tlog
c:\users\murph_000\onedrive\school\c programming\chapter 7-2\chapter 7-2\debug\link.command.1.tlog
c:\users\murph_000\onedrive\school\c programming\chapter 7-2\chapter 7-2\debug\link.read.1.tlog
c:\users\murph_000\onedrive\school\c programming\chapter 7-2\chapter 7-2\debug\link.write.1.tlog
c:\users\murph_000\onedrive\school\c programming\chapter 7-2\chapter 7-2\debug\mt.command.1.tlog
c:\users\murph_000\onedrive\school\c programming\chapter 7-2\chapter 7-2\debug\mt.read.1.tlog
c:\users\murph_000\onedrive\school\c programming\chapter 7-2\chapter 7-2\debug\mt.write.1.tlog
c:\users\murph_000\onedrive\school\c programming\chapter 7-2\chapter 7-2\debug\rc.command.1.tlog
c:\users\murph_000\onedrive\school\c programming\chapter 7-2\chapter 7-2\debug\rc.read.1.tlog
c:\users\murph_000\onedrive\school\c programming\chapter 7-2\chapter 7-2\debug\rc.write.1.tlog
c:\users\murph_000\onedrive\school\c programming\chapter 7-2\chapter 7-2\debug\chapter 7-2.exe.embed.manifest
c:\users\murph_000\onedrive\school\c programming\chapter 7-2\chapter 7-2\debug\chapter 7-2.exe.intermediate.manifest
c:\users\murph_000\onedrive\school\c programming\chapter 7-2\chapter 7-2\debug\chapter 7-2.exe.embed.manifest.res
c:\users\murph_000\onedrive\school\c programming\chapter 7-2\chapter 7-2\debug\vc100.idb
c:\users\murph_000\onedrive\school\c programming\chapter 7-2\chapter 7-2\debug\vc100.pdb
c:\users\murph_000\onedrive\school\c programming\chapter 7-2\chapter 7-2\debug\chapter 7-2_manifest.rc
c:\users\murph_000\onedrive\school\c programming\chapter 7-2\debug\chapter 7-2.pdb
c:\users\murph_000\onedrive\school\c programming\chapter 7-2\chapter 7-2\debug\chapter 7-2.tlog\cl.command.1.tlog
c:\users\murph_000\onedrive\school\c programming\chapter 7-2\chapter 7-2\debug\chapter 7-2.tlog\cl.read.1.tlog
c:\users\murph_000\onedrive\school\c programming\chapter 7-2\chapter 7-2\debug\chapter 7-2.tlog\cl.write.1.tlog
c:\users\murph_000\onedrive\school\c programming\chapter 7-2\chapter 7-2\debug\chapter 7-2.tlog\link-cvtres.read.1.tlog
c:\users\murph_000\onedrive\school\c programming\chapter 7-2\chapter 7-2\debug\chapter 7-2.tlog\link-cvtres.write.1.tlog
c:\users\murph_000\onedrive\school\c programming\chapter 7-2\chapter 7-2\debug\chapter 7-2.tlog\link-rc.read.1.tlog
c:\users\murph_000\onedrive\school\c programming\chapter 7-2\chapter 7-2\debug\chapter 7-2.tlog\link-rc.write.1.tlog
c:\users\murph_000\onedrive\school\c programming\chapter 7-2\chapter 7-2\debug\chapter 7-2.tlog\link.command.1.tlog
c:\users\murph_000\onedrive\school\c programming\chapter 7-2\chapter 7-2\debug\chapter 7-2.tlog\link.read.1.tlog
c:\users\murph_000\onedrive\school\c programming\chapter 7-2\chapter 7-2\debug\chapter 7-2.tlog\link.write.1.tlog
