C:\USERS\MURPH\DOCUMENTS\VISUAL STUDIO 2010\PROJECTS\CHAPTER7-1\CHAPTER7-1\DEBUG\ASSIGNMENT1.OBJ
C:\USERS\MURPH\DOCUMENTS\VISUAL STUDIO 2010\PROJECTS\CHAPTER7-1\CHAPTER7-1\DEBUG\CHAPTER7-1.EXE.EMBED.MANIFEST
C:\USERS\MURPH\DOCUMENTS\VISUAL STUDIO 2010\PROJECTS\CHAPTER7-1\CHAPTER7-1\DEBUG\CHAPTER7-1.EXE.EMBED.MANIFEST.RES
C:\USERS\MURPH\DOCUMENTS\VISUAL STUDIO 2010\PROJECTS\CHAPTER7-1\CHAPTER7-1\DEBUG\CHAPTER7-1.EXE.INTERMEDIATE.MANIFEST
C:\USERS\MURPH\DOCUMENTS\VISUAL STUDIO 2010\PROJECTS\CHAPTER7-1\CHAPTER7-1\DEBUG\VC100.PDB
C:\USERS\MURPH\DOCUMENTS\VISUAL STUDIO 2010\PROJECTS\CHAPTER7-1\DEBUG\CHAPTER7-1.EXE
C:\USERS\MURPH\DOCUMENTS\VISUAL STUDIO 2010\PROJECTS\CHAPTER7-1\DEBUG\CHAPTER7-1.ILK
C:\USERS\MURPH\DOCUMENTS\VISUAL STUDIO 2010\PROJECTS\CHAPTER7-1\DEBUG\CHAPTER7-1.PDB
E:\CHAPTER7-1\CHAPTER7-1\DEBUG\ASSIGNMENT1.OBJ
E:\Chapter7-1\Chapter7-1\Debug\Chapter7-1.exe.embed.manifest
E:\CHAPTER7-1\CHAPTER7-1\DEBUG\CHAPTER7-1.EXE.EMBED.MANIFEST.RES
E:\CHAPTER7-1\CHAPTER7-1\DEBUG\CHAPTER7-1.EXE.INTERMEDIATE.MANIFEST
E:\Chapter7-1\Chapter7-1\Debug\Chapter7-1_manifest.rc
E:\Chapter7-1\Chapter7-1\Debug\cl.command.1.tlog
E:\Chapter7-1\Chapter7-1\Debug\CL.read.1.tlog
E:\Chapter7-1\Chapter7-1\Debug\CL.write.1.tlog
E:\Chapter7-1\Chapter7-1\Debug\link.3804.read.1.tlog
E:\Chapter7-1\Chapter7-1\Debug\link.3804.write.1.tlog
E:\Chapter7-1\Chapter7-1\Debug\link.3804-cvtres.read.1.tlog
E:\Chapter7-1\Chapter7-1\Debug\link.3804-cvtres.write.1.tlog
E:\Chapter7-1\Chapter7-1\Debug\link.command.1.tlog
E:\Chapter7-1\Chapter7-1\Debug\link.read.1.tlog
E:\Chapter7-1\Chapter7-1\Debug\link.write.1.tlog
E:\Chapter7-1\Chapter7-1\Debug\link-cvtres.read.1.tlog
E:\Chapter7-1\Chapter7-1\Debug\link-cvtres.write.1.tlog
E:\Chapter7-1\Chapter7-1\Debug\mt.command.1.tlog
E:\Chapter7-1\Chapter7-1\Debug\mt.read.1.tlog
E:\Chapter7-1\Chapter7-1\Debug\mt.write.1.tlog
E:\Chapter7-1\Chapter7-1\Debug\rc.command.1.tlog
E:\Chapter7-1\Chapter7-1\Debug\rc.read.1.tlog
E:\Chapter7-1\Chapter7-1\Debug\rc.write.1.tlog
E:\Chapter7-1\Chapter7-1\Debug\vc100.idb
E:\CHAPTER7-1\CHAPTER7-1\DEBUG\VC100.PDB
E:\CHAPTER7-1\DEBUG\CHAPTER7-1.EXE
E:\CHAPTER7-1\DEBUG\CHAPTER7-1.ILK
E:\CHAPTER7-1\DEBUG\CHAPTER7-1.PDB
