E:\Chapter 6-1\Chapter 6-1\Debug\Assignment 1.obj
E:\Chapter 6-1\Chapter 6-1\Debug\Chapter 6-1.exe.embed.manifest
E:\Chapter 6-1\Chapter 6-1\Debug\Chapter 6-1.exe.embed.manifest.res
E:\Chapter 6-1\Chapter 6-1\Debug\Chapter 6-1.exe.intermediate.manifest
E:\Chapter 6-1\Chapter 6-1\Debug\Chapter 6-1_manifest.rc
E:\Chapter 6-1\Chapter 6-1\Debug\cl.command.1.tlog
E:\Chapter 6-1\Chapter 6-1\Debug\CL.read.1.tlog
E:\Chapter 6-1\Chapter 6-1\Debug\CL.write.1.tlog
E:\Chapter 6-1\Chapter 6-1\Debug\link.4296.read.1.tlog
E:\Chapter 6-1\Chapter 6-1\Debug\link.4296.write.1.tlog
E:\Chapter 6-1\Chapter 6-1\Debug\link.4296-cvtres.read.1.tlog
E:\Chapter 6-1\Chapter 6-1\Debug\link.4296-cvtres.write.1.tlog
E:\Chapter 6-1\Chapter 6-1\Debug\link.command.1.tlog
E:\Chapter 6-1\Chapter 6-1\Debug\link.read.1.tlog
E:\Chapter 6-1\Chapter 6-1\Debug\link.write.1.tlog
E:\Chapter 6-1\Chapter 6-1\Debug\link-cvtres.read.1.tlog
E:\Chapter 6-1\Chapter 6-1\Debug\link-cvtres.write.1.tlog
E:\Chapter 6-1\Chapter 6-1\Debug\mt.command.1.tlog
E:\Chapter 6-1\Chapter 6-1\Debug\mt.read.1.tlog
E:\Chapter 6-1\Chapter 6-1\Debug\mt.write.1.tlog
E:\Chapter 6-1\Chapter 6-1\Debug\rc.command.1.tlog
E:\Chapter 6-1\Chapter 6-1\Debug\rc.read.1.tlog
E:\Chapter 6-1\Chapter 6-1\Debug\rc.write.1.tlog
E:\Chapter 6-1\Chapter 6-1\Debug\vc100.idb
E:\Chapter 6-1\Chapter 6-1\Debug\vc100.pdb
E:\Chapter 6-1\Debug\Chapter 6-1.exe
E:\Chapter 6-1\Debug\Chapter 6-1.ilk
E:\Chapter 6-1\Debug\Chapter 6-1.pdb
F:\CHAPTER 6-1\CHAPTER 6-1\DEBUG\ASSIGNMENT 1.OBJ
F:\CHAPTER 6-1\CHAPTER 6-1\DEBUG\CHAPTER 6-1.EXE.EMBED.MANIFEST
F:\CHAPTER 6-1\CHAPTER 6-1\DEBUG\CHAPTER 6-1.EXE.EMBED.MANIFEST.RES
F:\CHAPTER 6-1\CHAPTER 6-1\DEBUG\CHAPTER 6-1.EXE.INTERMEDIATE.MANIFEST
F:\CHAPTER 6-1\CHAPTER 6-1\DEBUG\VC100.PDB
F:\CHAPTER 6-1\DEBUG\CHAPTER 6-1.EXE
F:\CHAPTER 6-1\DEBUG\CHAPTER 6-1.ILK
F:\CHAPTER 6-1\DEBUG\CHAPTER 6-1.PDB
