Build started 10/17/2012 6:58:03 PM.
     1>Project "F:\Chapter 6-1\Chapter 6-1\Chapter 6-1.vcxproj" on node 2 (build target(s)).
     1>InitializeBuildStatus:
         Creating "Debug\Chapter 6-1.unsuccessfulbuild" because "AlwaysCreate" was specified.
       ClCompile:
         C:\Program Files (x86)\Microsoft Visual Studio 10.0\VC\bin\CL.exe /c /ZI /nologo /W3 /WX- /Od /Oy- /D WIN32 /D _DEBUG /D _CONSOLE /D _UNICODE /D UNICODE /Gm /EHsc /RTC1 /MDd /GS /fp:precise /Zc:wchar_t /Zc:forScope /Fo"Debug\\" /Fd"Debug\vc100.pdb" /Gd /TP /analyze- /errorReport:prompt "Assignment 1.cpp"
         Assignment 1.cpp
       ManifestResourceCompile:
         All outputs are up-to-date.
       Link:
         C:\Program Files (x86)\Microsoft Visual Studio 10.0\VC\bin\link.exe /ERRORREPORT:PROMPT /OUT:"F:\Chapter 6-1\Debug\Chapter 6-1.exe" /INCREMENTAL /NOLOGO kernel32.lib user32.lib gdi32.lib winspool.lib comdlg32.lib advapi32.lib shell32.lib ole32.lib oleaut32.lib uuid.lib odbc32.lib odbccp32.lib /MANIFEST /ManifestFile:"Debug\Chapter 6-1.exe.intermediate.manifest" /MANIFESTUAC:"level='asInvoker' uiAccess='false'" /DEBUG /PDB:"F:\Chapter 6-1\Debug\Chapter 6-1.pdb" /SUBSYSTEM:CONSOLE /TLBID:1 /DYNAMICBASE /NXCOMPAT /IMPLIB:"F:\Chapter 6-1\Debug\Chapter 6-1.lib" /MACHINE:X86 "Debug\Chapter 6-1.exe.embed.manifest.res"
         "Debug\Assignment 1.obj"
       Manifest:
         C:\Program Files (x86)\Microsoft SDKs\Windows\v7.0A\bin\mt.exe /nologo /verbose /out:"Debug\Chapter 6-1.exe.embed.manifest" /manifest "Debug\Chapter 6-1.exe.intermediate.manifest"
         All outputs are up-to-date.
       LinkEmbedManifest:
         All outputs are up-to-date.
         Chapter 6-1.vcxproj -> F:\Chapter 6-1\Debug\Chapter 6-1.exe
       FinalizeBuildStatus:
         Deleting file "Debug\Chapter 6-1.unsuccessfulbuild".
         Touching "Debug\Chapter 6-1.lastbuildstate".
     1>Done Building Project "F:\Chapter 6-1\Chapter 6-1\Chapter 6-1.vcxproj" (build target(s)).

Build succeeded.

Time Elapsed 00:00:08.34
