Build started 10/3/2012 10:50:44 AM.
     1>Project "E:\chapter5-1\chapter5-1\chapter5-1.vcxproj" on node 2 (rebuild target(s)).
     1>_PrepareForClean:
         Deleting file "Debug\chapter5-1.lastbuildstate".
       InitializeBuildStatus:
         Creating "Debug\chapter5-1.unsuccessfulbuild" because "AlwaysCreate" was specified.
       ClCompile:
         c:\Program Files\Microsoft Visual Studio 10.0\VC\bin\CL.exe /c /ZI /nologo /W3 /WX- /Od /Oy- /D WIN32 /D _DEBUG /D _CONSOLE /D _UNICODE /D UNICODE /Gm /EHsc /RTC1 /MDd /GS /fp:precise /Zc:wchar_t /Zc:forScope /Fo"Debug\\" /Fd"Debug\vc100.pdb" /Gd /TP /analyze- /errorReport:prompt assignment1.cpp
         assignment1.cpp
       ManifestResourceCompile:
         C:\Program Files\Microsoft SDKs\Windows\v7.0A\bin\rc.exe /nologo /fo"Debug\chapter5-1.exe.embed.manifest.res" Debug\chapter5-1_manifest.rc 
       Link:
         c:\Program Files\Microsoft Visual Studio 10.0\VC\bin\link.exe /ERRORREPORT:PROMPT /OUT:"E:\chapter5-1\Debug\chapter5-1.exe" /INCREMENTAL /NOLOGO kernel32.lib user32.lib gdi32.lib winspool.lib comdlg32.lib advapi32.lib shell32.lib ole32.lib oleaut32.lib uuid.lib odbc32.lib odbccp32.lib /MANIFEST /ManifestFile:"Debug\chapter5-1.exe.intermediate.manifest" /MANIFESTUAC:"level='asInvoker' uiAccess='false'" /DEBUG /PDB:"E:\chapter5-1\Debug\chapter5-1.pdb" /SUBSYSTEM:CONSOLE /TLBID:1 /DYNAMICBASE /NXCOMPAT /IMPLIB:"E:\chapter5-1\Debug\chapter5-1.lib" /MACHINE:X86 "Debug\chapter5-1.exe.embed.manifest.res"
         Debug\assignment1.obj
       Manifest:
         Deleting file "Debug\chapter5-1.exe.embed.manifest".
         C:\Program Files\Microsoft SDKs\Windows\v7.0A\bin\mt.exe /nologo /verbose /out:"Debug\chapter5-1.exe.embed.manifest" /manifest "Debug\chapter5-1.exe.intermediate.manifest"
         C:\Program Files\Microsoft SDKs\Windows\v7.0A\bin\rc.exe /nologo /fo"Debug\chapter5-1.exe.embed.manifest.res" Debug\chapter5-1_manifest.rc 
       LinkEmbedManifest:
         c:\Program Files\Microsoft Visual Studio 10.0\VC\bin\link.exe /ERRORREPORT:PROMPT /OUT:"E:\chapter5-1\Debug\chapter5-1.exe" /INCREMENTAL /NOLOGO kernel32.lib user32.lib gdi32.lib winspool.lib comdlg32.lib advapi32.lib shell32.lib ole32.lib oleaut32.lib uuid.lib odbc32.lib odbccp32.lib /MANIFEST /ManifestFile:"Debug\chapter5-1.exe.intermediate.manifest" /MANIFESTUAC:"level='asInvoker' uiAccess='false'" /DEBUG /PDB:"E:\chapter5-1\Debug\chapter5-1.pdb" /SUBSYSTEM:CONSOLE /TLBID:1 /DYNAMICBASE /NXCOMPAT /IMPLIB:"E:\chapter5-1\Debug\chapter5-1.lib" /MACHINE:X86 "Debug\chapter5-1.exe.embed.manifest.res"
         Debug\assignment1.obj
         chapter5-1.vcxproj -> E:\chapter5-1\Debug\chapter5-1.exe
       FinalizeBuildStatus:
         Deleting file "Debug\chapter5-1.unsuccessfulbuild".
         Touching "Debug\chapter5-1.lastbuildstate".
     1>Done Building Project "E:\chapter5-1\chapter5-1\chapter5-1.vcxproj" (rebuild target(s)).

Build succeeded.

Time Elapsed 00:00:09.96
