C:\USERS\MURPH\DOCUMENTS\VISUAL STUDIO 2010\PROJECTS\CHAPTER5-1\CHAPTER5-1\DEBUG\ASSIGNMENT1.OBJ
C:\USERS\MURPH\DOCUMENTS\VISUAL STUDIO 2010\PROJECTS\CHAPTER5-1\CHAPTER5-1\DEBUG\CHAPTER5-1.EXE.EMBED.MANIFEST
C:\USERS\MURPH\DOCUMENTS\VISUAL STUDIO 2010\PROJECTS\CHAPTER5-1\CHAPTER5-1\DEBUG\CHAPTER5-1.EXE.EMBED.MANIFEST.RES
C:\USERS\MURPH\DOCUMENTS\VISUAL STUDIO 2010\PROJECTS\CHAPTER5-1\CHAPTER5-1\DEBUG\CHAPTER5-1.EXE.INTERMEDIATE.MANIFEST
C:\USERS\MURPH\DOCUMENTS\VISUAL STUDIO 2010\PROJECTS\CHAPTER5-1\CHAPTER5-1\DEBUG\VC100.PDB
C:\USERS\MURPH\DOCUMENTS\VISUAL STUDIO 2010\PROJECTS\CHAPTER5-1\DEBUG\CHAPTER5-1.EXE
C:\USERS\MURPH\DOCUMENTS\VISUAL STUDIO 2010\PROJECTS\CHAPTER5-1\DEBUG\CHAPTER5-1.ILK
C:\USERS\MURPH\DOCUMENTS\VISUAL STUDIO 2010\PROJECTS\CHAPTER5-1\DEBUG\CHAPTER5-1.PDB
E:\chapter5-1\chapter5-1\Debug\assignment1.obj
E:\chapter5-1\chapter5-1\Debug\chapter5-1.exe.embed.manifest
E:\chapter5-1\chapter5-1\Debug\chapter5-1.exe.embed.manifest.res
E:\chapter5-1\chapter5-1\Debug\chapter5-1.exe.intermediate.manifest
E:\chapter5-1\chapter5-1\Debug\chapter5-1_manifest.rc
E:\chapter5-1\chapter5-1\Debug\cl.command.1.tlog
E:\chapter5-1\chapter5-1\Debug\CL.read.1.tlog
E:\chapter5-1\chapter5-1\Debug\CL.write.1.tlog
E:\chapter5-1\chapter5-1\Debug\link.1476.read.1.tlog
E:\chapter5-1\chapter5-1\Debug\link.1476.write.1.tlog
E:\chapter5-1\chapter5-1\Debug\link.1476-cvtres.read.1.tlog
E:\chapter5-1\chapter5-1\Debug\link.1476-cvtres.write.1.tlog
E:\chapter5-1\chapter5-1\Debug\link.command.1.tlog
E:\chapter5-1\chapter5-1\Debug\link.read.1.tlog
E:\chapter5-1\chapter5-1\Debug\link.write.1.tlog
E:\chapter5-1\chapter5-1\Debug\link-cvtres.read.1.tlog
E:\chapter5-1\chapter5-1\Debug\link-cvtres.write.1.tlog
E:\chapter5-1\chapter5-1\Debug\mt.command.1.tlog
E:\chapter5-1\chapter5-1\Debug\mt.read.1.tlog
E:\chapter5-1\chapter5-1\Debug\mt.write.1.tlog
E:\chapter5-1\chapter5-1\Debug\rc.command.1.tlog
E:\chapter5-1\chapter5-1\Debug\rc.read.1.tlog
E:\chapter5-1\chapter5-1\Debug\rc.write.1.tlog
E:\chapter5-1\chapter5-1\Debug\vc100.idb
E:\chapter5-1\chapter5-1\Debug\vc100.pdb
E:\chapter5-1\Debug\chapter5-1.exe
E:\chapter5-1\Debug\chapter5-1.ilk
E:\chapter5-1\Debug\chapter5-1.pdb
