C:\USERS\MURPH\DOCUMENTS\VISUAL STUDIO 2010\PROJECTS\CHAPTER 6-2\CHAPTER 6-2\DEBUG\ASSIGNMENT 2.OBJ
C:\USERS\MURPH\DOCUMENTS\VISUAL STUDIO 2010\PROJECTS\CHAPTER 6-2\CHAPTER 6-2\DEBUG\CHAPTER 6-2.EXE.EMBED.MANIFEST
C:\USERS\MURPH\DOCUMENTS\VISUAL STUDIO 2010\PROJECTS\CHAPTER 6-2\CHAPTER 6-2\DEBUG\CHAPTER 6-2.EXE.EMBED.MANIFEST.RES
C:\USERS\MURPH\DOCUMENTS\VISUAL STUDIO 2010\PROJECTS\CHAPTER 6-2\CHAPTER 6-2\DEBUG\CHAPTER 6-2.EXE.INTERMEDIATE.MANIFEST
C:\Users\Murph\Documents\Visual Studio 2010\Projects\Chapter 6-2\Chapter 6-2\Debug\Chapter 6-2_manifest.rc
C:\Users\Murph\Documents\Visual Studio 2010\Projects\Chapter 6-2\Chapter 6-2\Debug\cl.command.1.tlog
C:\Users\Murph\Documents\Visual Studio 2010\Projects\Chapter 6-2\Chapter 6-2\Debug\CL.read.1.tlog
C:\Users\Murph\Documents\Visual Studio 2010\Projects\Chapter 6-2\Chapter 6-2\Debug\CL.write.1.tlog
C:\Users\Murph\Documents\Visual Studio 2010\Projects\Chapter 6-2\Chapter 6-2\Debug\link.3148.read.1.tlog
C:\Users\Murph\Documents\Visual Studio 2010\Projects\Chapter 6-2\Chapter 6-2\Debug\link.3148.write.1.tlog
C:\Users\Murph\Documents\Visual Studio 2010\Projects\Chapter 6-2\Chapter 6-2\Debug\link.3148-cvtres.read.1.tlog
C:\Users\Murph\Documents\Visual Studio 2010\Projects\Chapter 6-2\Chapter 6-2\Debug\link.3148-cvtres.write.1.tlog
C:\Users\Murph\Documents\Visual Studio 2010\Projects\Chapter 6-2\Chapter 6-2\Debug\link.command.1.tlog
C:\Users\Murph\Documents\Visual Studio 2010\Projects\Chapter 6-2\Chapter 6-2\Debug\link.read.1.tlog
C:\Users\Murph\Documents\Visual Studio 2010\Projects\Chapter 6-2\Chapter 6-2\Debug\link.write.1.tlog
C:\Users\Murph\Documents\Visual Studio 2010\Projects\Chapter 6-2\Chapter 6-2\Debug\link-cvtres.read.1.tlog
C:\Users\Murph\Documents\Visual Studio 2010\Projects\Chapter 6-2\Chapter 6-2\Debug\link-cvtres.write.1.tlog
C:\Users\Murph\Documents\Visual Studio 2010\Projects\Chapter 6-2\Chapter 6-2\Debug\mt.command.1.tlog
C:\Users\Murph\Documents\Visual Studio 2010\Projects\Chapter 6-2\Chapter 6-2\Debug\mt.read.1.tlog
C:\Users\Murph\Documents\Visual Studio 2010\Projects\Chapter 6-2\Chapter 6-2\Debug\mt.write.1.tlog
C:\Users\Murph\Documents\Visual Studio 2010\Projects\Chapter 6-2\Chapter 6-2\Debug\rc.command.1.tlog
C:\Users\Murph\Documents\Visual Studio 2010\Projects\Chapter 6-2\Chapter 6-2\Debug\rc.read.1.tlog
C:\Users\Murph\Documents\Visual Studio 2010\Projects\Chapter 6-2\Chapter 6-2\Debug\rc.write.1.tlog
C:\Users\Murph\Documents\Visual Studio 2010\Projects\Chapter 6-2\Chapter 6-2\Debug\vc100.idb
C:\USERS\MURPH\DOCUMENTS\VISUAL STUDIO 2010\PROJECTS\CHAPTER 6-2\CHAPTER 6-2\DEBUG\VC100.PDB
C:\USERS\MURPH\DOCUMENTS\VISUAL STUDIO 2010\PROJECTS\CHAPTER 6-2\DEBUG\CHAPTER 6-2.EXE
C:\USERS\MURPH\DOCUMENTS\VISUAL STUDIO 2010\PROJECTS\CHAPTER 6-2\DEBUG\CHAPTER 6-2.ILK
C:\USERS\MURPH\DOCUMENTS\VISUAL STUDIO 2010\PROJECTS\CHAPTER 6-2\DEBUG\CHAPTER 6-2.PDB
