Build started 10/17/2012 10:54:42 AM.
     1>Project "E:\Chapter 6-2\Chapter 6-2\Chapter 6-2.vcxproj" on node 2 (build target(s)).
     1>InitializeBuildStatus:
         Creating "Debug\Chapter 6-2.unsuccessfulbuild" because "AlwaysCreate" was specified.
       ClCompile:
         c:\Program Files\Microsoft Visual Studio 10.0\VC\bin\CL.exe /c /ZI /nologo /W3 /WX- /Od /Oy- /D WIN32 /D _DEBUG /D _CONSOLE /D _UNICODE /D UNICODE /Gm /EHsc /RTC1 /MDd /GS /fp:precise /Zc:wchar_t /Zc:forScope /Fo"Debug\\" /Fd"Debug\vc100.pdb" /Gd /TP /analyze- /errorReport:prompt "Assignment 2.cpp"
         Assignment 2.cpp
     1>e:\chapter 6-2\chapter 6-2\assignment 2.cpp(22): warning C4101: 'sum' : unreferenced local variable
       ManifestResourceCompile:
         C:\Program Files\Microsoft SDKs\Windows\v7.0A\bin\rc.exe /nologo /fo"Debug\Chapter 6-2.exe.embed.manifest.res" "Debug\Chapter 6-2_manifest.rc" 
       Link:
         c:\Program Files\Microsoft Visual Studio 10.0\VC\bin\link.exe /ERRORREPORT:PROMPT /OUT:"E:\Chapter 6-2\Debug\Chapter 6-2.exe" /INCREMENTAL /NOLOGO kernel32.lib user32.lib gdi32.lib winspool.lib comdlg32.lib advapi32.lib shell32.lib ole32.lib oleaut32.lib uuid.lib odbc32.lib odbccp32.lib /MANIFEST /ManifestFile:"Debug\Chapter 6-2.exe.intermediate.manifest" /MANIFESTUAC:"level='asInvoker' uiAccess='false'" /DEBUG /PDB:"E:\Chapter 6-2\Debug\Chapter 6-2.pdb" /SUBSYSTEM:CONSOLE /TLBID:1 /DYNAMICBASE /NXCOMPAT /IMPLIB:"E:\Chapter 6-2\Debug\Chapter 6-2.lib" /MACHINE:X86 "Debug\Chapter 6-2.exe.embed.manifest.res"
         "Debug\Assignment 2.obj"
         LINK : E:\Chapter 6-2\Debug\Chapter 6-2.exe not found or not built by the last incremental link; performing full link
       Manifest:
         C:\Program Files\Microsoft SDKs\Windows\v7.0A\bin\mt.exe /nologo /verbose /out:"Debug\Chapter 6-2.exe.embed.manifest" /manifest "Debug\Chapter 6-2.exe.intermediate.manifest"
         All outputs are up-to-date.
       LinkEmbedManifest:
         All outputs are up-to-date.
         Chapter 6-2.vcxproj -> E:\Chapter 6-2\Debug\Chapter 6-2.exe
       FinalizeBuildStatus:
         Deleting file "Debug\Chapter 6-2.unsuccessfulbuild".
         Touching "Debug\Chapter 6-2.lastbuildstate".
     1>Done Building Project "E:\Chapter 6-2\Chapter 6-2\Chapter 6-2.vcxproj" (build target(s)).

Build succeeded.

Time Elapsed 00:00:05.82
