C:\USERS\MURPH\DOCUMENTS\VISUAL STUDIO 2010\PROJECTS\PROJECT  5\DEBUG\PROJECT  5.EXE
C:\USERS\MURPH\DOCUMENTS\VISUAL STUDIO 2010\PROJECTS\PROJECT  5\DEBUG\PROJECT  5.ILK
C:\USERS\MURPH\DOCUMENTS\VISUAL STUDIO 2010\PROJECTS\PROJECT  5\DEBUG\PROJECT  5.PDB
C:\USERS\MURPH\DOCUMENTS\VISUAL STUDIO 2010\PROJECTS\PROJECT  5\PROJECT  5\DEBUG\ASSIGNMENT6.OBJ
C:\Users\Murph\Documents\Visual Studio 2010\Projects\Project  5\Project  5\Debug\cl.command.1.tlog
C:\Users\Murph\Documents\Visual Studio 2010\Projects\Project  5\Project  5\Debug\CL.read.1.tlog
C:\Users\Murph\Documents\Visual Studio 2010\Projects\Project  5\Project  5\Debug\CL.write.1.tlog
C:\Users\Murph\Documents\Visual Studio 2010\Projects\Project  5\Project  5\Debug\link.4600.read.1.tlog
C:\Users\Murph\Documents\Visual Studio 2010\Projects\Project  5\Project  5\Debug\link.4600.write.1.tlog
C:\Users\Murph\Documents\Visual Studio 2010\Projects\Project  5\Project  5\Debug\link.4600-cvtres.read.1.tlog
C:\Users\Murph\Documents\Visual Studio 2010\Projects\Project  5\Project  5\Debug\link.4600-cvtres.write.1.tlog
C:\Users\Murph\Documents\Visual Studio 2010\Projects\Project  5\Project  5\Debug\link.command.1.tlog
C:\Users\Murph\Documents\Visual Studio 2010\Projects\Project  5\Project  5\Debug\link.read.1.tlog
C:\Users\Murph\Documents\Visual Studio 2010\Projects\Project  5\Project  5\Debug\link.write.1.tlog
C:\Users\Murph\Documents\Visual Studio 2010\Projects\Project  5\Project  5\Debug\link-cvtres.read.1.tlog
C:\Users\Murph\Documents\Visual Studio 2010\Projects\Project  5\Project  5\Debug\link-cvtres.write.1.tlog
C:\Users\Murph\Documents\Visual Studio 2010\Projects\Project  5\Project  5\Debug\mt.command.1.tlog
C:\Users\Murph\Documents\Visual Studio 2010\Projects\Project  5\Project  5\Debug\mt.read.1.tlog
C:\Users\Murph\Documents\Visual Studio 2010\Projects\Project  5\Project  5\Debug\mt.write.1.tlog
C:\USERS\MURPH\DOCUMENTS\VISUAL STUDIO 2010\PROJECTS\PROJECT  5\PROJECT  5\DEBUG\PROJECT  5.EXE.EMBED.MANIFEST
C:\USERS\MURPH\DOCUMENTS\VISUAL STUDIO 2010\PROJECTS\PROJECT  5\PROJECT  5\DEBUG\PROJECT  5.EXE.EMBED.MANIFEST.RES
C:\USERS\MURPH\DOCUMENTS\VISUAL STUDIO 2010\PROJECTS\PROJECT  5\PROJECT  5\DEBUG\PROJECT  5.EXE.INTERMEDIATE.MANIFEST
C:\Users\Murph\Documents\Visual Studio 2010\Projects\Project  5\Project  5\Debug\Project  5_manifest.rc
C:\Users\Murph\Documents\Visual Studio 2010\Projects\Project  5\Project  5\Debug\rc.command.1.tlog
C:\Users\Murph\Documents\Visual Studio 2010\Projects\Project  5\Project  5\Debug\rc.read.1.tlog
C:\Users\Murph\Documents\Visual Studio 2010\Projects\Project  5\Project  5\Debug\rc.write.1.tlog
C:\Users\Murph\Documents\Visual Studio 2010\Projects\Project  5\Project  5\Debug\vc100.idb
C:\USERS\MURPH\DOCUMENTS\VISUAL STUDIO 2010\PROJECTS\PROJECT  5\PROJECT  5\DEBUG\VC100.PDB
