Build started 9/24/2012 11:02:04 AM.
     1>Project "E:\Ch 4 Assignment 2\Chapter 4\Chapter 4.vcxproj" on node 2 (rebuild target(s)).
     1>_PrepareForClean:
         Deleting file "Debug\Chapter 4.lastbuildstate".
       InitializeBuildStatus:
         Creating "Debug\Chapter 4.unsuccessfulbuild" because "AlwaysCreate" was specified.
       ClCompile:
         c:\Program Files\Microsoft Visual Studio 10.0\VC\bin\CL.exe /c /ZI /nologo /W3 /WX- /Od /Oy- /D WIN32 /D _DEBUG /D _CONSOLE /D _UNICODE /D UNICODE /Gm /EHsc /RTC1 /MDd /GS /fp:precise /Zc:wchar_t /Zc:forScope /Fo"Debug\\" /Fd"Debug\vc100.pdb" /Gd /TP /analyze- /errorReport:prompt "assignment 2.cpp"
         assignment 2.cpp
     1>e:\ch 4 assignment 2\chapter 4\assignment 2.cpp(35): warning C4244: '=' : conversion from 'double' to 'float', possible loss of data
     1>e:\ch 4 assignment 2\chapter 4\assignment 2.cpp(36): warning C4244: '=' : conversion from 'double' to 'float', possible loss of data
     1>e:\ch 4 assignment 2\chapter 4\assignment 2.cpp(37): warning C4244: '=' : conversion from 'double' to 'float', possible loss of data
     1>e:\ch 4 assignment 2\chapter 4\assignment 2.cpp(38): warning C4244: '=' : conversion from 'double' to 'float', possible loss of data
     1>e:\ch 4 assignment 2\chapter 4\assignment 2.cpp(39): warning C4244: '=' : conversion from 'int' to 'float', possible loss of data
       ManifestResourceCompile:
         C:\Program Files\Microsoft SDKs\Windows\v7.0A\bin\rc.exe /nologo /fo"Debug\Chapter 4.exe.embed.manifest.res" "Debug\Chapter 4_manifest.rc" 
       Link:
         c:\Program Files\Microsoft Visual Studio 10.0\VC\bin\link.exe /ERRORREPORT:PROMPT /OUT:"E:\Ch 4 Assignment 2\Debug\Chapter 4.exe" /INCREMENTAL /NOLOGO kernel32.lib user32.lib gdi32.lib winspool.lib comdlg32.lib advapi32.lib shell32.lib ole32.lib oleaut32.lib uuid.lib odbc32.lib odbccp32.lib /MANIFEST /ManifestFile:"Debug\Chapter 4.exe.intermediate.manifest" /MANIFESTUAC:"level='asInvoker' uiAccess='false'" /DEBUG /PDB:"E:\Ch 4 Assignment 2\Debug\Chapter 4.pdb" /SUBSYSTEM:CONSOLE /TLBID:1 /DYNAMICBASE /NXCOMPAT /IMPLIB:"E:\Ch 4 Assignment 2\Debug\Chapter 4.lib" /MACHINE:X86 "Debug\Chapter 4.exe.embed.manifest.res"
         "Debug\assignment 2.obj"
       Manifest:
         Deleting file "Debug\Chapter 4.exe.embed.manifest".
         C:\Program Files\Microsoft SDKs\Windows\v7.0A\bin\mt.exe /nologo /verbose /out:"Debug\Chapter 4.exe.embed.manifest" /manifest "Debug\Chapter 4.exe.intermediate.manifest"
         C:\Program Files\Microsoft SDKs\Windows\v7.0A\bin\rc.exe /nologo /fo"Debug\Chapter 4.exe.embed.manifest.res" "Debug\Chapter 4_manifest.rc" 
       LinkEmbedManifest:
         c:\Program Files\Microsoft Visual Studio 10.0\VC\bin\link.exe /ERRORREPORT:PROMPT /OUT:"E:\Ch 4 Assignment 2\Debug\Chapter 4.exe" /INCREMENTAL /NOLOGO kernel32.lib user32.lib gdi32.lib winspool.lib comdlg32.lib advapi32.lib shell32.lib ole32.lib oleaut32.lib uuid.lib odbc32.lib odbccp32.lib /MANIFEST /ManifestFile:"Debug\Chapter 4.exe.intermediate.manifest" /MANIFESTUAC:"level='asInvoker' uiAccess='false'" /DEBUG /PDB:"E:\Ch 4 Assignment 2\Debug\Chapter 4.pdb" /SUBSYSTEM:CONSOLE /TLBID:1 /DYNAMICBASE /NXCOMPAT /IMPLIB:"E:\Ch 4 Assignment 2\Debug\Chapter 4.lib" /MACHINE:X86 "Debug\Chapter 4.exe.embed.manifest.res"
         "Debug\assignment 2.obj"
         Chapter 4.vcxproj -> E:\Ch 4 Assignment 2\Debug\Chapter 4.exe
       FinalizeBuildStatus:
         Deleting file "Debug\Chapter 4.unsuccessfulbuild".
         Touching "Debug\Chapter 4.lastbuildstate".
     1>Done Building Project "E:\Ch 4 Assignment 2\Chapter 4\Chapter 4.vcxproj" (rebuild target(s)).

Build succeeded.

Time Elapsed 00:00:15.59
