C:\USERS\MURPH\DOCUMENTS\VISUAL STUDIO 2010\PROJECTS\CH 4 ASSIGNMENT 2\CHAPTER 4\DEBUG\ASSIGNMENT 2.OBJ
C:\USERS\MURPH\DOCUMENTS\VISUAL STUDIO 2010\PROJECTS\CH 4 ASSIGNMENT 2\CHAPTER 4\DEBUG\CHAPTER 4.EXE.EMBED.MANIFEST
C:\USERS\MURPH\DOCUMENTS\VISUAL STUDIO 2010\PROJECTS\CH 4 ASSIGNMENT 2\CHAPTER 4\DEBUG\CHAPTER 4.EXE.EMBED.MANIFEST.RES
C:\USERS\MURPH\DOCUMENTS\VISUAL STUDIO 2010\PROJECTS\CH 4 ASSIGNMENT 2\CHAPTER 4\DEBUG\CHAPTER 4.EXE.INTERMEDIATE.MANIFEST
C:\USERS\MURPH\DOCUMENTS\VISUAL STUDIO 2010\PROJECTS\CH 4 ASSIGNMENT 2\CHAPTER 4\DEBUG\VC100.PDB
C:\USERS\MURPH\DOCUMENTS\VISUAL STUDIO 2010\PROJECTS\CH 4 ASSIGNMENT 2\DEBUG\CHAPTER 4.EXE
C:\USERS\MURPH\DOCUMENTS\VISUAL STUDIO 2010\PROJECTS\CH 4 ASSIGNMENT 2\DEBUG\CHAPTER 4.ILK
C:\USERS\MURPH\DOCUMENTS\VISUAL STUDIO 2010\PROJECTS\CH 4 ASSIGNMENT 2\DEBUG\CHAPTER 4.PDB
E:\Ch 4 Assignment 2\Chapter 4\Debug\assignment 2.obj
E:\Ch 4 Assignment 2\Chapter 4\Debug\Chapter 4.exe.embed.manifest
E:\Ch 4 Assignment 2\Chapter 4\Debug\Chapter 4.exe.embed.manifest.res
E:\Ch 4 Assignment 2\Chapter 4\Debug\Chapter 4.exe.intermediate.manifest
E:\Ch 4 Assignment 2\Chapter 4\Debug\Chapter 4_manifest.rc
E:\Ch 4 Assignment 2\Chapter 4\Debug\cl.command.1.tlog
E:\Ch 4 Assignment 2\Chapter 4\Debug\CL.read.1.tlog
E:\Ch 4 Assignment 2\Chapter 4\Debug\CL.write.1.tlog
E:\Ch 4 Assignment 2\Chapter 4\Debug\link.2432.read.1.tlog
E:\Ch 4 Assignment 2\Chapter 4\Debug\link.2432.write.1.tlog
E:\Ch 4 Assignment 2\Chapter 4\Debug\link.2432-cvtres.read.1.tlog
E:\Ch 4 Assignment 2\Chapter 4\Debug\link.2432-cvtres.write.1.tlog
E:\Ch 4 Assignment 2\Chapter 4\Debug\link.4432.read.1.tlog
E:\Ch 4 Assignment 2\Chapter 4\Debug\link.4432.write.1.tlog
E:\Ch 4 Assignment 2\Chapter 4\Debug\link.4432-cvtres.read.1.tlog
E:\Ch 4 Assignment 2\Chapter 4\Debug\link.4432-cvtres.write.1.tlog
E:\Ch 4 Assignment 2\Chapter 4\Debug\link.command.1.tlog
E:\Ch 4 Assignment 2\Chapter 4\Debug\link.read.1.tlog
E:\Ch 4 Assignment 2\Chapter 4\Debug\link.write.1.tlog
E:\Ch 4 Assignment 2\Chapter 4\Debug\link-cvtres.read.1.tlog
E:\Ch 4 Assignment 2\Chapter 4\Debug\link-cvtres.write.1.tlog
E:\Ch 4 Assignment 2\Chapter 4\Debug\mt.command.1.tlog
E:\Ch 4 Assignment 2\Chapter 4\Debug\mt.read.1.tlog
E:\Ch 4 Assignment 2\Chapter 4\Debug\mt.write.1.tlog
E:\Ch 4 Assignment 2\Chapter 4\Debug\rc.command.1.tlog
E:\Ch 4 Assignment 2\Chapter 4\Debug\rc.read.1.tlog
E:\Ch 4 Assignment 2\Chapter 4\Debug\rc.write.1.tlog
E:\Ch 4 Assignment 2\Chapter 4\Debug\vc100.idb
E:\Ch 4 Assignment 2\Chapter 4\Debug\vc100.pdb
E:\Ch 4 Assignment 2\Debug\Chapter 4.exe
E:\Ch 4 Assignment 2\Debug\Chapter 4.ilk
E:\Ch 4 Assignment 2\Debug\Chapter 4.pdb
F:\CH 4 ASSIGNMENT 2\CHAPTER 4\DEBUG\ASSIGNMENT 2.OBJ
F:\CH 4 ASSIGNMENT 2\CHAPTER 4\DEBUG\CHAPTER 4.EXE.EMBED.MANIFEST.RES
F:\CH 4 ASSIGNMENT 2\CHAPTER 4\DEBUG\CHAPTER 4.EXE.INTERMEDIATE.MANIFEST
F:\CH 4 ASSIGNMENT 2\CHAPTER 4\DEBUG\VC100.PDB
F:\CH 4 ASSIGNMENT 2\DEBUG\CHAPTER 4.EXE
F:\CH 4 ASSIGNMENT 2\DEBUG\CHAPTER 4.ILK
F:\CH 4 ASSIGNMENT 2\DEBUG\CHAPTER 4.PDB
