C:\USERS\MURPH\DOCUMENTS\VISUAL STUDIO 2010\PROJECTS\CHAPTER 11 ASSIGNMENT 1\CHAPTER 11 ASSIGNMENT 1\DEBUG\ASSIGNMENT 1.OBJ
C:\USERS\MURPH\DOCUMENTS\VISUAL STUDIO 2010\PROJECTS\CHAPTER 11 ASSIGNMENT 1\CHAPTER 11 ASSIGNMENT 1\DEBUG\CHAPTER 11 ASSIGNMENT 1.EXE.EMBED.MANIFEST
C:\USERS\MURPH\DOCUMENTS\VISUAL STUDIO 2010\PROJECTS\CHAPTER 11 ASSIGNMENT 1\CHAPTER 11 ASSIGNMENT 1\DEBUG\CHAPTER 11 ASSIGNMENT 1.EXE.EMBED.MANIFEST.RES
C:\USERS\MURPH\DOCUMENTS\VISUAL STUDIO 2010\PROJECTS\CHAPTER 11 ASSIGNMENT 1\CHAPTER 11 ASSIGNMENT 1\DEBUG\CHAPTER 11 ASSIGNMENT 1.EXE.INTERMEDIATE.MANIFEST
c:\Users\Murph\documents\visual studio 2010\Projects\Chapter 11 Assignment 1\Chapter 11 Assignment 1\Debug\Chapter 11 Assignment 1.write.1.tlog
c:\Users\Murph\documents\visual studio 2010\Projects\Chapter 11 Assignment 1\Chapter 11 Assignment 1\Debug\Chapter 11 Assignment 1_manifest.rc
c:\Users\Murph\documents\visual studio 2010\Projects\Chapter 11 Assignment 1\Chapter 11 Assignment 1\Debug\cl.command.1.tlog
c:\Users\Murph\documents\visual studio 2010\Projects\Chapter 11 Assignment 1\Chapter 11 Assignment 1\Debug\CL.read.1.tlog
c:\Users\Murph\documents\visual studio 2010\Projects\Chapter 11 Assignment 1\Chapter 11 Assignment 1\Debug\CL.write.1.tlog
c:\Users\Murph\documents\visual studio 2010\Projects\Chapter 11 Assignment 1\Chapter 11 Assignment 1\Debug\link.2640.read.1.tlog
c:\Users\Murph\documents\visual studio 2010\Projects\Chapter 11 Assignment 1\Chapter 11 Assignment 1\Debug\link.2640.write.1.tlog
c:\Users\Murph\documents\visual studio 2010\Projects\Chapter 11 Assignment 1\Chapter 11 Assignment 1\Debug\link.2640-cvtres.read.1.tlog
c:\Users\Murph\documents\visual studio 2010\Projects\Chapter 11 Assignment 1\Chapter 11 Assignment 1\Debug\link.2640-cvtres.write.1.tlog
c:\Users\Murph\documents\visual studio 2010\Projects\Chapter 11 Assignment 1\Chapter 11 Assignment 1\Debug\link.command.1.tlog
c:\Users\Murph\documents\visual studio 2010\Projects\Chapter 11 Assignment 1\Chapter 11 Assignment 1\Debug\link.read.1.tlog
c:\Users\Murph\documents\visual studio 2010\Projects\Chapter 11 Assignment 1\Chapter 11 Assignment 1\Debug\link.write.1.tlog
c:\Users\Murph\documents\visual studio 2010\Projects\Chapter 11 Assignment 1\Chapter 11 Assignment 1\Debug\link-cvtres.read.1.tlog
c:\Users\Murph\documents\visual studio 2010\Projects\Chapter 11 Assignment 1\Chapter 11 Assignment 1\Debug\link-cvtres.write.1.tlog
c:\Users\Murph\documents\visual studio 2010\Projects\Chapter 11 Assignment 1\Chapter 11 Assignment 1\Debug\mt.command.1.tlog
c:\Users\Murph\documents\visual studio 2010\Projects\Chapter 11 Assignment 1\Chapter 11 Assignment 1\Debug\mt.read.1.tlog
c:\Users\Murph\documents\visual studio 2010\Projects\Chapter 11 Assignment 1\Chapter 11 Assignment 1\Debug\mt.write.1.tlog
c:\Users\Murph\documents\visual studio 2010\Projects\Chapter 11 Assignment 1\Chapter 11 Assignment 1\Debug\rc.command.1.tlog
c:\Users\Murph\documents\visual studio 2010\Projects\Chapter 11 Assignment 1\Chapter 11 Assignment 1\Debug\rc.read.1.tlog
c:\Users\Murph\documents\visual studio 2010\Projects\Chapter 11 Assignment 1\Chapter 11 Assignment 1\Debug\rc.write.1.tlog
c:\Users\Murph\documents\visual studio 2010\Projects\Chapter 11 Assignment 1\Chapter 11 Assignment 1\Debug\vc100.idb
C:\USERS\MURPH\DOCUMENTS\VISUAL STUDIO 2010\PROJECTS\CHAPTER 11 ASSIGNMENT 1\CHAPTER 11 ASSIGNMENT 1\DEBUG\VC100.PDB
C:\USERS\MURPH\DOCUMENTS\VISUAL STUDIO 2010\PROJECTS\CHAPTER 11 ASSIGNMENT 1\DEBUG\CHAPTER 11 ASSIGNMENT 1.EXE
C:\USERS\MURPH\DOCUMENTS\VISUAL STUDIO 2010\PROJECTS\CHAPTER 11 ASSIGNMENT 1\DEBUG\CHAPTER 11 ASSIGNMENT 1.ILK
C:\USERS\MURPH\DOCUMENTS\VISUAL STUDIO 2010\PROJECTS\CHAPTER 11 ASSIGNMENT 1\DEBUG\CHAPTER 11 ASSIGNMENT 1.PDB
